make all --print-data-base --no-builtin-variables --no-builtin-rules --question
# GNU Make 3.81
# Copyright (C) 2006  Free Software Foundation, Inc.
# This is free software; see the source for copying conditions.
# There is NO warranty; not even for MERCHANTABILITY or FITNESS FOR A
# PARTICULAR PURPOSE.

# This program built for i386-apple-darwin11.3.0
 

# Make data base, printed on Mon Jun  6 16:26:08 2022

# Variables

# automatic
<D = $(patsubst %/,%,$(dir $<))
# automatic
?F = $(notdir $?)
# makefile (from `/Users/huwenjie/Documents/cenneo-os-project/Makefile.variable', line 77)
depress = unzip                 
# environment
VSCODE_LOG_NATIVE = false
# automatic
?D = $(patsubst %/,%,$(dir $?))
# makefile (from `/Users/huwenjie/Documents/cenneo-os-project/Makefile.variable', line 75)
qemu = qemu-system-x86_64       
# automatic
@D = $(patsubst %/,%,$(dir $@))
# automatic
@F = $(notdir $@)
# makefile (from `/Users/huwenjie/Documents/cenneo-os-project/Makefile.variable', line 66)
NS = nasm                 
# makefile
CURDIR := /Users/huwenjie/Documents/cenneo-os-project
# makefile
SHELL = /bin/sh
# environment
VSCODE_NLS_CONFIG = {"locale":"en-us","availableLanguages":{},"_languagePackSupport":true}
# environment
_ = /usr/bin/make
# makefile (from `/Users/huwenjie/Documents/cenneo-os-project/Makefile.variable', line 1)
MAKEFILE_LIST :=  Makefile /Users/huwenjie/Documents/cenneo-os-project/Makefile.variable
# environment
VSCODE_VERBOSE_LOGGING = true
# environment
__CFBundleIdentifier = com.microsoft.VSCode
# environment
VSCODE_IPC_HOOK_EXTHOST = /var/folders/c6/wqm08jfd6474lmpll47wbl440000gn/T/vscode-ipc-3a3e77b3-b37c-407d-a420-cf5b1fee8aad.sock
# environment
VSCODE_CWD = /
# environment
PATH = /usr/local/opt/binutils/bin:/usr/local/sbin:/usr/local/bin:/usr/local/bin:/usr/bin:/bin:/usr/sbin:/sbin:/usr/local/go/bin
# makefile (from `/Users/huwenjie/Documents/cenneo-os-project/Makefile.variable', line 67)
LD = x86_64-elf-ld        
# makefile (from `/Users/huwenjie/Documents/cenneo-os-project/Makefile.variable', line 8)
current_dir = /Users/huwenjie/Documents/cenneo-os-project
# makefile (from `/Users/huwenjie/Documents/cenneo-os-project/Makefile.variable', line 68)
AR = x86_64-elf-ar        
# environment
VSCODE_LOG_STACK = false
# environment
ELECTRON_RUN_AS_NODE = 1
# default
.FEATURES := target-specific order-only second-expansion else-if archives jobserver check-symlink
# environment
SSH_AUTH_SOCK = /private/tmp/com.apple.launchd.w28oCiTlna/Listeners
# automatic
%F = $(notdir $%)
# makefile (from `/Users/huwenjie/Documents/cenneo-os-project/Makefile.variable', line 27)
UNAME_S := Darwin
# environment
VSCODE_PIPE_LOGGING = true
# environment
PWD = /Users/huwenjie/Documents/cenneo-os-project
# environment
ORIGINAL_XDG_CURRENT_DESKTOP = undefined
# environment
VSCODE_AMD_ENTRYPOINT = vs/workbench/api/node/extensionHostProcess
# environment
HOME = /Users/huwenjie
# makefile (from `/Users/huwenjie/Documents/cenneo-os-project/Makefile.variable', line 70)
SED = gsed                 
# default
MAKEFILEPATH = $(shell /usr/bin/xcode-select -print-path 2>/dev/null || echo /Developer)/Makefiles
# environment
VSCODE_CODE_CACHE_PATH = /Users/huwenjie/Library/Application Support/Code/CachedData/c3511e6c69bb39013c4a4b7b9566ec1ca73fc4d5
# environment
LOGNAME = huwenjie
# environment
APPLICATION_INSIGHTS_NO_DIAGNOSTIC_CHANNEL = 1
# environment
VSCODE_HANDLES_UNCAUGHT_ERRORS = true
# automatic
^D = $(patsubst %/,%,$(dir $^))
# environment
XPC_FLAGS = 0x0
# default
MAKE = $(MAKE_COMMAND)
# default
MAKECMDGOALS := all
# makefile (from `/Users/huwenjie/Documents/cenneo-os-project/Makefile.variable', line 11)
appbase = $(tools)/appbase
# environment
SHLVL = 1
# makefile (from `/Users/huwenjie/Documents/cenneo-os-project/Makefile.variable', line 63)
CC = x86_64-elf-gcc       
# default
MAKE_VERSION := 3.81
# environment
USER = huwenjie
# makefile
.DEFAULT_GOAL := run
# environment
HOMEBREW_BOTTLE_DOMAIN = https://mirrors.ustc.edu.cn/homebrew-bottles
# makefile (from `/Users/huwenjie/Documents/cenneo-os-project/Makefile.variable', line 80)
kernel_macro = 
# automatic
%D = $(patsubst %/,%,$(dir $%))
# makefile (from `/Users/huwenjie/Documents/cenneo-os-project/Makefile.variable', line 9)
image = $(current_dir)/image/image.vhd
# default
MAKE_COMMAND := /Library/Developer/CommandLineTools/usr/bin/make
# default
.VARIABLES := 
# environment
TMPDIR = /var/folders/c6/wqm08jfd6474lmpll47wbl440000gn/T/
# automatic
*F = $(notdir $*)
# environment
VSCODE_IPC_HOOK = /Users/huwenjie/Library/Application Support/Code/1.67.2-main.sock
# makefile (from `/Users/huwenjie/Documents/cenneo-os-project/Makefile.variable', line 39)
ARCH = IA32
# makefile
MAKEFLAGS = Rrqp
# environment
MFLAGS = -Rrqp
# automatic
*D = $(patsubst %/,%,$(dir $*))
# makefile (from `/Users/huwenjie/Documents/cenneo-os-project/Makefile.variable', line 34)
UNAME_P := i386
# environment
XPC_SERVICE_NAME = application.com.microsoft.VSCode.28970243.28970249
# automatic
+D = $(patsubst %/,%,$(dir $+))
# automatic
+F = $(notdir $+)
# makefile (from `/Users/huwenjie/Documents/cenneo-os-project/Makefile.variable', line 71)
GFR = $(tools)/gfr/gfr     
# environment
__CF_USER_TEXT_ENCODING = 0x1F5:0x0:0x0
# environment
COMMAND_MODE = unix2003
# makefile (from `/Users/huwenjie/Documents/cenneo-os-project/Makefile.variable', line 32)
PLATFORM = OSX
# default
MAKEFILES := 
# automatic
<F = $(notdir $<)
# makefile (from `/Users/huwenjie/Documents/cenneo-os-project/Makefile.variable', line 64)
CXX = x86_64-elf-g++       
# environment
LC_ALL = C
# makefile (from `/Users/huwenjie/Documents/cenneo-os-project/Makefile.variable', line 3)
TARGET_ARCH = x86
# automatic
^F = $(notdir $^)
# makefile (from `/Users/huwenjie/Documents/cenneo-os-project/Makefile.variable', line 69)
OBJCOPY = x86_64-elf-objcopy   
# default
SUFFIXES := 
# makefile (from `/Users/huwenjie/Documents/cenneo-os-project/Makefile.variable', line 76)
compress = zip                  
# makefile (from `/Users/huwenjie/Documents/cenneo-os-project/Makefile.variable', line 65)
TOOLS_CC = gcc                  
# default
.INCLUDE_DIRS = /usr/local/include
# environment
MAKELEVEL := 0
# makefile (from `/Users/huwenjie/Documents/cenneo-os-project/Makefile.variable', line 10)
tools = $(current_dir)/tools
# environment
LANG = C
# environment
VSCODE_PID = 39398
# variable set hash-table stats:
# Load=85/1024=8%, Rehash=0, Collisions=6/136=4%

# Pattern-specific Variable Values

# No pattern-specific variable values.

# Directories

# . (device 16777223, inode 22717444): 21 files, no impossibilities.

# 21 files, no impossibilities in 1 directories.

# Implicit Rules

# No implicit rules.

# Files

all: loader kernel
#  Phony target (prerequisite of .PHONY).
#  Command-line target.
#  Implicit rule search has not been done.
#  File does not exist.
#  File has been updated.
#  Needs to be updated (-q is set).
# variable set hash-table stats:
# Load=0/32=0%, Rehash=0, Collisions=0/2=0%

.PHONY: gfr loader kernel /Users/huwenjie/Documents/cenneo-os-project/image/image.vhd help clean all install run
#  Implicit rule search has not been done.
#  Modification time never checked.
#  File has not been updated.

install_loader:
#  Implicit rule search has not been done.
#  Modification time never checked.
#  File has not been updated.
#  commands to execute (from `Makefile', line 106):
	@echo Installing Loader...
	@cd loader && make install
	

# Not a target:
.SUFFIXES:
#  Implicit rule search has not been done.
#  Modification time never checked.
#  File has not been updated.

# Not a target:
Makefile:
#  Implicit rule search has been done.
#  Last modified 2022-05-21 22:51:48
#  File has been updated.
#  Successfully updated.
# variable set hash-table stats:
# Load=0/32=0%, Rehash=0, Collisions=0/0=0%

kernel:
#  Phony target (prerequisite of .PHONY).
#  Implicit rule search has not been done.
#  File does not exist.
#  File has not been updated.
#  commands to execute (from `Makefile', line 44):
	@cd kernel && make all
	

appbase:
#  Implicit rule search has not been done.
#  Modification time never checked.
#  File has not been updated.
#  commands to execute (from `Makefile', line 52):
	@cd tools/appbase && make all
	

console:
#  Implicit rule search has not been done.
#  Modification time never checked.
#  File has not been updated.
#  commands to execute (from `Makefile', line 57):
	@cd applications/Console && make all
	

 
prepare: /Users/huwenjie/Documents/cenneo-os-project/image/image.vhd /Users/huwenjie/Documents/cenneo-os-project/image/image.vhd
#  Implicit rule search has not been done.
#  Modification time never checked.
#  File has not been updated.
#  commands to execute (from `Makefile', line 66):
	$(depress) $(image:.vhd=.zip)
	

loader:
#  Phony target (prerequisite of .PHONY).
#  Implicit rule search has not been done.
#  Implicit/static pattern stem: `'
#  File does not exist.
#  File has been updated.
#  Needs to be updated (-q is set).
# automatic
# @ := loader
# automatic
# % := 
# automatic
# * := 
# automatic
# + := 
# automatic
# | := 
# automatic
# < := 
# automatic
# ^ := 
# automatic
# ? := 
# variable set hash-table stats:
# Load=8/32=25%, Rehash=0, Collisions=1/10=10%
#  commands to execute (from `Makefile', line 36):
	@cd loader && make all
	

clean_gfr:
#  Implicit rule search has not been done.
#  Modification time never checked.
#  File has not been updated.
#  commands to execute (from `Makefile', line 31):
	@cd tools/gfr && make clean
	

sync:
#  Implicit rule search has not been done.
#  Modification time never checked.
#  File has not been updated.
#  commands to execute (from `Makefile', line 81):
	@echo Synchronizing...
	@hdiutil attach -imagekey diskimage-class=CRawDiskImage $(image)
	@rsync -rtopgDl $(CURDIR)/image/data/ /Volumes/CENNEOOS/ --delete
	@sudo umount /Volumes/CENNEOOS
	

help:
#  Phony target (prerequisite of .PHONY).
#  Implicit rule search has not been done.
#  File does not exist.
#  File has not been updated.

/Users/huwenjie/Documents/cenneo-os-project/image/image.vhd:
#  Phony target (prerequisite of .PHONY).
#  Implicit rule search has not been done.
#  File does not exist.
#  File has not been updated.

# Not a target:
.DEFAULT:
#  Implicit rule search has not been done.
#  Modification time never checked.
#  File has not been updated.

clean_console:
#  Implicit rule search has not been done.
#  Modification time never checked.
#  File has not been updated.
#  commands to execute (from `Makefile', line 60):
	@cd applications/Console && make clean
	

run: install
#  Phony target (prerequisite of .PHONY).
#  Implicit rule search has not been done.
#  File does not exist.
#  File has not been updated.
#  commands to execute (from `Makefile', line 22):
	@echo Starting Virtual Machine...
	@$(qemu) -net nic,model=rtl8139 -net user -drive file=$(image),format=vpc -m 9
	

clean:
#  Phony target (prerequisite of .PHONY).
#  Implicit rule search has not been done.
#  File does not exist.
#  File has not been updated.
#  commands to execute (from `Makefile', line 69):
	@echo Cleaning temporary files...
	@cd loader && make clean
	@cd tools/gfr && make clean
	@cd kernel && make clean
	

dist: clean
#  Implicit rule search has not been done.
#  Modification time never checked.
#  File has not been updated.
#  commands to execute (from `Makefile', line 75):
	@echo Compressing Image...
	@$(compress) -m -r -j $(image:.vhd=.zip) $(image)
	

gui:
#  Implicit rule search has not been done.
#  Modification time never checked.
#  File has not been updated.
#  commands to execute (from `Makefile', line 63):
	@cd applications/GUI && make all
	

clean_kernel:
#  Implicit rule search has not been done.
#  Modification time never checked.
#  File has not been updated.
#  commands to execute (from `Makefile', line 47):
	@cd kernel && make clean
	

clean_loader:
#  Implicit rule search has not been done.
#  Modification time never checked.
#  File has not been updated.
#  commands to execute (from `Makefile', line 39):
	@cd loader && make clean
	

gfr:
#  Phony target (prerequisite of .PHONY).
#  Implicit rule search has not been done.
#  File does not exist.
#  File has not been updated.
#  commands to execute (from `Makefile', line 28):
	@cd tools/gfr && make all
	

# Not a target:
/Users/huwenjie/Documents/cenneo-os-project/Makefile.variable:
#  A default, MAKEFILES, or -include/sinclude makefile.
#  Implicit rule search has been done.
#  Last modified 2022-05-15 13:24:49
#  File has been updated.
#  Successfully updated.
# variable set hash-table stats:
# Load=0/32=0%, Rehash=0, Collisions=0/0=0%

install: all
#  Phony target (prerequisite of .PHONY).
#  Implicit rule search has not been done.
#  File does not exist.
#  File has not been updated.
#  commands to execute (from `Makefile', line 103):
	@make sync
	

# files hash-table stats:
# Load=25/1024=2%, Rehash=0, Collisions=0/61=0%
# VPATH Search Paths

# No `vpath' search paths.

# No general (`VPATH' variable) search path.

# # of strings in strcache: 2
# # of strcache buffers: 1
# strcache size: total = 4096 / max = 4096 / min = 4096 / avg = 4096
# strcache free: total = 4025 / max = 4025 / min = 4025 / avg = 4025

# Finished Make data base on Mon Jun  6 16:26:08 2022

 
